<?xml version="1.0" encoding="UTF-8"?>
<!-- Generated by org.testng.reporters.JUnitXMLReporter -->
<testsuite hostname="ARIF" ignored="0" name="CBTest" tests="1" failures="0" timestamp="2022-04-17T15:04:57 EDT" time="0.055" errors="0">
  <testcase name="@BeforeMethod setup" time="-1.650222297428E9" classname="com.collections.CrossBrowserScript">
    <failure type="org.testng.TestNGException" message="
Can inject only one of &amp;lt;ITestContext, XmlTest, Method, Object[], ITestResult&amp;gt; into a @BeforeMethod annotated setup.
For more information on native dependency injection please refer to https://testng.org/doc/documentation-main.html#native-dependency-injection">
      <![CDATA[org.testng.TestNGException: 
Can inject only one of <ITestContext, XmlTest, Method, Object[], ITestResult> into a @BeforeMethod annotated setup.
For more information on native dependency injection please refer to https://testng.org/doc/documentation-main.html#native-dependency-injection
at java.util.ArrayList.forEach(ArrayList.java:1259)
... Removed 28 stack frames]]>
    </failure>
  </testcase> <!-- @BeforeMethod setup -->
  <testcase name="@AfterMethod tearDown" time="-1.650222297444E9" classname="com.collections.CrossBrowserScript">
    <skipped/>
  </testcase> <!-- @AfterMethod tearDown -->
  <testcase name="testParameterWithXML" time="0.0" classname="com.collections.CrossBrowserScript">
    <skipped/>
  </testcase> <!-- testParameterWithXML -->
</testsuite> <!-- CBTest -->
