<?xml version="1.0" encoding="UTF-8"?>
<testng-results skipped="0" failed="0" ignored="0" total="1" passed="1">
  <reporter-output>
  </reporter-output>
  <suite name="Default suite" duration-ms="2333" started-at="2022-05-29T09:40:32 EDT" finished-at="2022-05-29T09:40:34 EDT">
    <groups>
    </groups>
    <test name="Default test" duration-ms="2333" started-at="2022-05-29T09:40:32 EDT" finished-at="2022-05-29T09:40:34 EDT">
      <class name="apirestassured.com.PostMethod">
        <test-method status="PASS" signature="myPostMethod()[pri:0, instance:apirestassured.com.PostMethod@401e7803]" name="myPostMethod" duration-ms="2289" started-at="2022-05-29T09:40:32 EDT" finished-at="2022-05-29T09:40:34 EDT">
          <reporter-output>
          </reporter-output>
        </test-method> <!-- myPostMethod -->
      </class> <!-- apirestassured.com.PostMethod -->
    </test> <!-- Default test -->
  </suite> <!-- Default suite -->
</testng-results>
